<?xml version="1.0" encoding="UTF-8"?>
<!-- Generated by org.testng.reporters.JUnitReportReporter -->
<testsuite hostname="IN1244374W2" failures="0" tests="1" name="testngannotationsexample.testngannotationsclass" time="0.011" errors="0" timestamp="18 Jul 2019 16:05:54 GMT" skipped="0">
  <testcase classname="testngannotationsexample.testngannotationsclass" name="test_exectution" time="0.011"/>
</testsuite> <!-- testngannotationsexample.testngannotationsclass -->
