<?xml version="1.0" encoding="UTF-8"?>
<!-- Generated by org.testng.reporters.JUnitReportReporter -->
<testsuite hostname="IN1244374W2" failures="0" tests="2" name="lambdatest_test.lambdatest_testngclass" time="18.581" errors="0" timestamp="19 Jul 2019 04:48:02 GMT">
  <testcase classname="lambdatest_test.lambdatest_testngclass" name="test_case" time="10.162"/>
  <testcase classname="lambdatest_test.lambdatest_testngclass" name="second_test_case" time="8.419"/>
</testsuite> <!-- lambdatest_test.lambdatest_testngclass -->
