<?xml version="1.0" encoding="UTF-8"?>
<!-- Generated by org.testng.reporters.JUnitReportReporter -->
<testsuite hostname="IN1244374W2" failures="0" tests="7" name="testngpriority.testng_priority" time="0.028" errors="0" timestamp="18 Jul 2019 16:18:57 GMT">
  <testcase classname="testngpriority.testng_priority" name="third_function" time="0.003"/>
  <testcase classname="testngpriority.testng_priority" name="third_function" time="0.001"/>
  <testcase classname="testngpriority.testng_priority" name="second_function" time="0.003"/>
  <testcase classname="testngpriority.testng_priority" name="third_function" time="0.003"/>
  <testcase classname="testngpriority.testng_priority" name="first_function" time="0.014"/>
  <testcase classname="testngpriority.testng_priority" name="third_function" time="0.003"/>
  <testcase classname="testngpriority.testng_priority" name="third_function" time="0.001"/>
</testsuite> <!-- testngpriority.testng_priority -->
