<?xml version="1.0" encoding="UTF-8"?>
<!-- Generated by org.testng.reporters.JUnitReportReporter -->
<testsuite hostname="IN1244374W2" failures="0" tests="1" name="blankdataprovider.DataProviderExampleClass" time="6.957" errors="0" timestamp="19 Jul 2019 15:18:08 GMT">
  <testcase classname="blankdataprovider.DataProviderExampleClass" name="test_case" time="6.957"/>
</testsuite> <!-- blankdataprovider.DataProviderExampleClass -->
