<?xml version="1.0" encoding="UTF-8"?>
<!-- Generated by org.testng.reporters.JUnitReportReporter -->
<testsuite hostname="IN1244374W2" failures="0" tests="1" name="testngparameters.ParameterExample" time="20.035" errors="0" timestamp="19 Jul 2019 15:55:15 GMT">
  <testcase classname="testngparameters.ParameterExample" name="test_login_details" time="20.035"/>
</testsuite> <!-- testngparameters.ParameterExample -->
