<?xml version="1.0" encoding="UTF-8"?>
<!-- Generated by org.testng.reporters.JUnitReportReporter -->
<testsuite hostname="IN1244374W2" failures="0" tests="1" name="dataproviderexample.dataproviderloginexample" time="25.664" errors="0" timestamp="19 Jul 2019 10:01:51 GMT">
  <testcase classname="dataproviderexample.dataproviderloginexample" name="check_login" time="25.664"/>
</testsuite> <!-- dataproviderexample.dataproviderloginexample -->
