<?xml version="1.0" encoding="UTF-8"?>
<!-- Generated by org.testng.reporters.JUnitReportReporter -->
<testsuite hostname="IN1244374W2" failures="0" tests="2" name="dataproviderexample.dataproviderexample" time="0.019" errors="0" timestamp="19 Jul 2019 09:37:24 GMT">
  <testcase classname="dataproviderexample.dataproviderexample" name="test_Case" time="0.003"/>
  <testcase classname="dataproviderexample.dataproviderexample" name="test_Case" time="0.016"/>
</testsuite> <!-- dataproviderexample.dataproviderexample -->
