<?xml version="1.0" encoding="UTF-8"?>
<!-- Generated by org.testng.reporters.JUnitReportReporter -->
<testsuite hostname="IN1244374W2" failures="0" tests="1" name="testngexample.SampleTestNG" time="4.409" errors="0" timestamp="18 Jul 2019 15:54:25 GMT">
  <testcase classname="testngexample.SampleTestNG" name="verifyPageTitle" time="4.409"/>
</testsuite> <!-- testngexample.SampleTestNG -->
